{"/Users/david.heisel/Documents/Code/AdventOfCode/Day1/fuelCalculator.js": {"path":"/Users/david.heisel/Documents/Code/AdventOfCode/Day1/fuelCalculator.js","statementMap":{"0":{"start":{"line":1,"column":0},"end":{"line":41,"column":2}},"1":{"start":{"line":5,"column":4},"end":{"line":5,"column":36}},"2":{"start":{"line":9,"column":15},"end":{"line":9,"column":34}},"3":{"start":{"line":10,"column":4},"end":{"line":12,"column":5}},"4":{"start":{"line":11,"column":6},"end":{"line":11,"column":15}},"5":{"start":{"line":13,"column":4},"end":{"line":13,"column":41}},"6":{"start":{"line":16,"column":4},"end":{"line":18,"column":5}},"7":{"start":{"line":17,"column":6},"end":{"line":17,"column":41}},"8":{"start":{"line":19,"column":4},"end":{"line":19,"column":20}},"9":{"start":{"line":23,"column":4},"end":{"line":23,"column":31}},"10":{"start":{"line":27,"column":4},"end":{"line":27,"column":40}},"11":{"start":{"line":28,"column":4},"end":{"line":31,"column":6}},"12":{"start":{"line":29,"column":25},"end":{"line":29,"column":64}},"13":{"start":{"line":35,"column":4},"end":{"line":35,"column":40}},"14":{"start":{"line":36,"column":4},"end":{"line":39,"column":6}},"15":{"start":{"line":37,"column":25},"end":{"line":37,"column":57}}},"fnMap":{"0":{"name":"(anonymous_0)","decl":{"start":{"line":2,"column":2},"end":{"line":2,"column":3}},"loc":{"start":{"line":2,"column":16},"end":{"line":2,"column":18}},"line":2},"1":{"name":"(anonymous_1)","decl":{"start":{"line":4,"column":2},"end":{"line":4,"column":3}},"loc":{"start":{"line":4,"column":17},"end":{"line":6,"column":3}},"line":4},"2":{"name":"(anonymous_2)","decl":{"start":{"line":8,"column":2},"end":{"line":8,"column":3}},"loc":{"start":{"line":8,"column":20},"end":{"line":14,"column":3}},"line":8},"3":{"name":"(anonymous_3)","decl":{"start":{"line":15,"column":2},"end":{"line":15,"column":3}},"loc":{"start":{"line":15,"column":22},"end":{"line":20,"column":3}},"line":15},"4":{"name":"(anonymous_4)","decl":{"start":{"line":22,"column":2},"end":{"line":22,"column":3}},"loc":{"start":{"line":22,"column":27},"end":{"line":24,"column":3}},"line":22},"5":{"name":"(anonymous_5)","decl":{"start":{"line":26,"column":2},"end":{"line":26,"column":3}},"loc":{"start":{"line":26,"column":31},"end":{"line":32,"column":3}},"line":26},"6":{"name":"(anonymous_6)","decl":{"start":{"line":29,"column":6},"end":{"line":29,"column":7}},"loc":{"start":{"line":29,"column":25},"end":{"line":29,"column":64}},"line":29},"7":{"name":"(anonymous_7)","decl":{"start":{"line":34,"column":2},"end":{"line":34,"column":3}},"loc":{"start":{"line":34,"column":30},"end":{"line":40,"column":3}},"line":34},"8":{"name":"(anonymous_8)","decl":{"start":{"line":37,"column":6},"end":{"line":37,"column":7}},"loc":{"start":{"line":37,"column":25},"end":{"line":37,"column":57}},"line":37}},"branchMap":{"0":{"loc":{"start":{"line":10,"column":4},"end":{"line":12,"column":5}},"type":"if","locations":[{"start":{"line":10,"column":4},"end":{"line":12,"column":5}},{"start":{"line":10,"column":4},"end":{"line":12,"column":5}}],"line":10},"1":{"loc":{"start":{"line":16,"column":4},"end":{"line":18,"column":5}},"type":"if","locations":[{"start":{"line":16,"column":4},"end":{"line":18,"column":5}},{"start":{"line":16,"column":4},"end":{"line":18,"column":5}}],"line":16}},"s":{"0":1,"1":23,"2":12,"3":12,"4":2,"5":10,"6":2,"7":1,"8":2,"9":11,"10":2,"11":2,"12":6,"13":0,"14":0,"15":0},"f":{"0":6,"1":23,"2":12,"3":2,"4":11,"5":2,"6":6,"7":0,"8":0},"b":{"0":[2,10],"1":[1,1]},"_coverageSchema":"43e27e138ebf9cfc5966b082cf9a028302ed4184","hash":"37d1e441765635398c6f90d953c24d02e87235ef"}
,"/Users/david.heisel/Documents/Code/AdventOfCode/Day1/modulesMassList.js": {"path":"/Users/david.heisel/Documents/Code/AdventOfCode/Day1/modulesMassList.js","statementMap":{"0":{"start":{"line":1,"column":24},"end":{"line":100,"column":7}},"1":{"start":{"line":102,"column":0},"end":{"line":102,"column":33}}},"fnMap":{},"branchMap":{},"s":{"0":1,"1":1},"f":{},"b":{},"_coverageSchema":"43e27e138ebf9cfc5966b082cf9a028302ed4184","hash":"15806bed01559f5efc61c279266630a419442df5"}
,"/Users/david.heisel/Documents/Code/AdventOfCode/Day2/intcode.js": {"path":"/Users/david.heisel/Documents/Code/AdventOfCode/Day2/intcode.js","statementMap":{"0":{"start":{"line":1,"column":11},"end":{"line":1,"column":24}},"1":{"start":{"line":5,"column":2},"end":{"line":5,"column":26}},"2":{"start":{"line":8,"column":2},"end":{"line":8,"column":23}},"3":{"start":{"line":12,"column":2},"end":{"line":12,"column":36}},"4":{"start":{"line":16,"column":2},"end":{"line":16,"column":26}},"5":{"start":{"line":20,"column":2},"end":{"line":20,"column":26}},"6":{"start":{"line":23,"column":2},"end":{"line":23,"column":59}},"7":{"start":{"line":23,"column":44},"end":{"line":23,"column":57}},"8":{"start":{"line":27,"column":2},"end":{"line":29,"column":3}},"9":{"start":{"line":28,"column":3},"end":{"line":28,"column":35}},"10":{"start":{"line":30,"column":20},"end":{"line":30,"column":35}},"11":{"start":{"line":31,"column":20},"end":{"line":31,"column":35}},"12":{"start":{"line":32,"column":17},"end":{"line":32,"column":32}},"13":{"start":{"line":33,"column":2},"end":{"line":33,"column":57}},"14":{"start":{"line":34,"column":2},"end":{"line":34,"column":14}},"15":{"start":{"line":38,"column":2},"end":{"line":40,"column":3}},"16":{"start":{"line":39,"column":3},"end":{"line":39,"column":35}},"17":{"start":{"line":41,"column":20},"end":{"line":41,"column":35}},"18":{"start":{"line":42,"column":20},"end":{"line":42,"column":35}},"19":{"start":{"line":43,"column":17},"end":{"line":43,"column":32}},"20":{"start":{"line":44,"column":2},"end":{"line":44,"column":57}},"21":{"start":{"line":45,"column":2},"end":{"line":45,"column":14}},"22":{"start":{"line":49,"column":2},"end":{"line":51,"column":3}},"23":{"start":{"line":50,"column":3},"end":{"line":50,"column":35}},"24":{"start":{"line":53,"column":2},"end":{"line":61,"column":3}},"25":{"start":{"line":53,"column":15},"end":{"line":53,"column":16}},"26":{"start":{"line":54,"column":3},"end":{"line":60,"column":4}},"27":{"start":{"line":55,"column":4},"end":{"line":55,"column":35}},"28":{"start":{"line":56,"column":10},"end":{"line":60,"column":4}},"29":{"start":{"line":57,"column":4},"end":{"line":57,"column":35}},"30":{"start":{"line":58,"column":10},"end":{"line":60,"column":4}},"31":{"start":{"line":59,"column":4},"end":{"line":59,"column":10}},"32":{"start":{"line":62,"column":2},"end":{"line":62,"column":35}},"33":{"start":{"line":67,"column":2},"end":{"line":78,"column":3}},"34":{"start":{"line":67,"column":15},"end":{"line":67,"column":16}},"35":{"start":{"line":68,"column":3},"end":{"line":76,"column":4}},"36":{"start":{"line":68,"column":16},"end":{"line":68,"column":17}},"37":{"start":{"line":69,"column":15},"end":{"line":69,"column":47}},"38":{"start":{"line":70,"column":4},"end":{"line":70,"column":16}},"39":{"start":{"line":71,"column":4},"end":{"line":71,"column":16}},"40":{"start":{"line":72,"column":17},"end":{"line":72,"column":46}},"41":{"start":{"line":73,"column":4},"end":{"line":75,"column":5}},"42":{"start":{"line":74,"column":5},"end":{"line":74,"column":24}},"43":{"start":{"line":82,"column":0},"end":{"line":82,"column":25}},"44":{"start":{"line":83,"column":13},"end":{"line":83,"column":68}},"45":{"start":{"line":84,"column":17},"end":{"line":84,"column":34}}},"fnMap":{"0":{"name":"(anonymous_0)","decl":{"start":{"line":4,"column":1},"end":{"line":4,"column":2}},"loc":{"start":{"line":4,"column":22},"end":{"line":6,"column":2}},"line":4},"1":{"name":"(anonymous_1)","decl":{"start":{"line":7,"column":1},"end":{"line":7,"column":2}},"loc":{"start":{"line":7,"column":15},"end":{"line":9,"column":2}},"line":7},"2":{"name":"(anonymous_2)","decl":{"start":{"line":11,"column":1},"end":{"line":11,"column":2}},"loc":{"start":{"line":11,"column":10},"end":{"line":13,"column":2}},"line":11},"3":{"name":"(anonymous_3)","decl":{"start":{"line":15,"column":1},"end":{"line":15,"column":2}},"loc":{"start":{"line":15,"column":22},"end":{"line":17,"column":2}},"line":15},"4":{"name":"(anonymous_4)","decl":{"start":{"line":19,"column":1},"end":{"line":19,"column":2}},"loc":{"start":{"line":19,"column":27},"end":{"line":21,"column":2}},"line":19},"5":{"name":"(anonymous_5)","decl":{"start":{"line":22,"column":1},"end":{"line":22,"column":2}},"loc":{"start":{"line":22,"column":27},"end":{"line":24,"column":2}},"line":22},"6":{"name":"(anonymous_6)","decl":{"start":{"line":23,"column":35},"end":{"line":23,"column":36}},"loc":{"start":{"line":23,"column":44},"end":{"line":23,"column":57}},"line":23},"7":{"name":"(anonymous_7)","decl":{"start":{"line":26,"column":1},"end":{"line":26,"column":2}},"loc":{"start":{"line":26,"column":24},"end":{"line":35,"column":2}},"line":26},"8":{"name":"(anonymous_8)","decl":{"start":{"line":37,"column":1},"end":{"line":37,"column":2}},"loc":{"start":{"line":37,"column":24},"end":{"line":46,"column":2}},"line":37},"9":{"name":"(anonymous_9)","decl":{"start":{"line":48,"column":1},"end":{"line":48,"column":2}},"loc":{"start":{"line":48,"column":15},"end":{"line":63,"column":2}},"line":48},"10":{"name":"(anonymous_10)","decl":{"start":{"line":65,"column":1},"end":{"line":65,"column":2}},"loc":{"start":{"line":65,"column":20},"end":{"line":79,"column":2}},"line":65}},"branchMap":{"0":{"loc":{"start":{"line":27,"column":2},"end":{"line":29,"column":3}},"type":"if","locations":[{"start":{"line":27,"column":2},"end":{"line":29,"column":3}},{"start":{"line":27,"column":2},"end":{"line":29,"column":3}}],"line":27},"1":{"loc":{"start":{"line":38,"column":2},"end":{"line":40,"column":3}},"type":"if","locations":[{"start":{"line":38,"column":2},"end":{"line":40,"column":3}},{"start":{"line":38,"column":2},"end":{"line":40,"column":3}}],"line":38},"2":{"loc":{"start":{"line":49,"column":2},"end":{"line":51,"column":3}},"type":"if","locations":[{"start":{"line":49,"column":2},"end":{"line":51,"column":3}},{"start":{"line":49,"column":2},"end":{"line":51,"column":3}}],"line":49},"3":{"loc":{"start":{"line":54,"column":3},"end":{"line":60,"column":4}},"type":"if","locations":[{"start":{"line":54,"column":3},"end":{"line":60,"column":4}},{"start":{"line":54,"column":3},"end":{"line":60,"column":4}}],"line":54},"4":{"loc":{"start":{"line":56,"column":10},"end":{"line":60,"column":4}},"type":"if","locations":[{"start":{"line":56,"column":10},"end":{"line":60,"column":4}},{"start":{"line":56,"column":10},"end":{"line":60,"column":4}}],"line":56},"5":{"loc":{"start":{"line":58,"column":10},"end":{"line":60,"column":4}},"type":"if","locations":[{"start":{"line":58,"column":10},"end":{"line":60,"column":4}},{"start":{"line":58,"column":10},"end":{"line":60,"column":4}}],"line":58},"6":{"loc":{"start":{"line":73,"column":4},"end":{"line":75,"column":5}},"type":"if","locations":[{"start":{"line":73,"column":4},"end":{"line":75,"column":5}},{"start":{"line":73,"column":4},"end":{"line":75,"column":5}}],"line":73}},"s":{"0":1,"1":7,"2":3,"3":2,"4":1,"5":4,"6":6,"7":39,"8":3,"9":1,"10":3,"11":3,"12":3,"13":3,"14":3,"15":5,"16":1,"17":5,"18":5,"19":5,"20":5,"21":5,"22":4,"23":4,"24":4,"25":4,"26":10,"27":2,"28":8,"29":4,"30":4,"31":4,"32":4,"33":0,"34":0,"35":0,"36":0,"37":0,"38":0,"39":0,"40":0,"41":0,"42":0,"43":1,"44":1,"45":1},"f":{"0":7,"1":3,"2":2,"3":1,"4":4,"5":6,"6":39,"7":3,"8":5,"9":4,"10":0},"b":{"0":[1,2],"1":[1,4],"2":[4,0],"3":[2,8],"4":[4,4],"5":[4,0],"6":[0,0]},"_coverageSchema":"43e27e138ebf9cfc5966b082cf9a028302ed4184","hash":"07c2d450627aba7b9154fc7bd632181b3ba857e9"}
,"/Users/david.heisel/Documents/Code/AdventOfCode/Day3/wireTracker.js": {"path":"/Users/david.heisel/Documents/Code/AdventOfCode/Day3/wireTracker.js","statementMap":{"0":{"start":{"line":1,"column":11},"end":{"line":1,"column":24}},"1":{"start":{"line":3,"column":28},"end":{"line":7,"column":1}},"2":{"start":{"line":4,"column":14},"end":{"line":4,"column":43}},"3":{"start":{"line":5,"column":15},"end":{"line":5,"column":60}},"4":{"start":{"line":5,"column":44},"end":{"line":5,"column":59}},"5":{"start":{"line":6,"column":1},"end":{"line":6,"column":14}},"6":{"start":{"line":9,"column":20},"end":{"line":17,"column":1}},"7":{"start":{"line":10,"column":18},"end":{"line":10,"column":24}},"8":{"start":{"line":11,"column":24},"end":{"line":11,"column":26}},"9":{"start":{"line":12,"column":4},"end":{"line":16,"column":5}},"10":{"start":{"line":14,"column":21},"end":{"line":14,"column":41}},"11":{"start":{"line":19,"column":21},"end":{"line":19,"column":65}},"12":{"start":{"line":20,"column":0},"end":{"line":22,"column":1}},"13":{"start":{"line":21,"column":4},"end":{"line":21,"column":28}},"14":{"start":{"line":24,"column":0},"end":{"line":24,"column":54}}},"fnMap":{"0":{"name":"(anonymous_0)","decl":{"start":{"line":3,"column":28},"end":{"line":3,"column":29}},"loc":{"start":{"line":3,"column":36},"end":{"line":7,"column":1}},"line":3},"1":{"name":"(anonymous_1)","decl":{"start":{"line":5,"column":36},"end":{"line":5,"column":37}},"loc":{"start":{"line":5,"column":44},"end":{"line":5,"column":59}},"line":5},"2":{"name":"(anonymous_2)","decl":{"start":{"line":9,"column":20},"end":{"line":9,"column":21}},"loc":{"start":{"line":9,"column":40},"end":{"line":17,"column":1}},"line":9}},"branchMap":{},"s":{"0":1,"1":1,"2":2,"3":2,"4":4,"5":2,"6":1,"7":3,"8":3,"9":3,"10":23,"11":1,"12":1,"13":2,"14":1},"f":{"0":2,"1":4,"2":3},"b":{},"_coverageSchema":"43e27e138ebf9cfc5966b082cf9a028302ed4184","hash":"04b92b16d473d6c0bc36f013c4c6ede7e6ab439b"}
}
