TN:
SF:/Users/david.heisel/Documents/Code/AdventOfCode/Day1/fuelCalculator.js
FN:2,(anonymous_0)
FN:4,(anonymous_1)
FN:8,(anonymous_2)
FN:15,(anonymous_3)
FN:22,(anonymous_4)
FN:26,(anonymous_5)
FN:29,(anonymous_6)
FN:34,(anonymous_7)
FN:37,(anonymous_8)
FNF:9
FNH:7
FNDA:6,(anonymous_0)
FNDA:23,(anonymous_1)
FNDA:12,(anonymous_2)
FNDA:2,(anonymous_3)
FNDA:11,(anonymous_4)
FNDA:2,(anonymous_5)
FNDA:6,(anonymous_6)
FNDA:0,(anonymous_7)
FNDA:0,(anonymous_8)
DA:1,1
DA:5,23
DA:9,12
DA:10,12
DA:11,2
DA:13,10
DA:16,2
DA:17,1
DA:19,2
DA:23,11
DA:27,2
DA:28,2
DA:29,6
DA:35,0
DA:36,0
DA:37,0
LF:16
LH:13
BRDA:10,0,0,2
BRDA:10,0,1,10
BRDA:16,1,0,1
BRDA:16,1,1,1
BRF:4
BRH:4
end_of_record
TN:
SF:/Users/david.heisel/Documents/Code/AdventOfCode/Day1/modulesMassList.js
FNF:0
FNH:0
DA:1,1
DA:102,1
LF:2
LH:2
BRF:0
BRH:0
end_of_record
TN:
SF:/Users/david.heisel/Documents/Code/AdventOfCode/Day2/intcode.js
FN:4,(anonymous_0)
FN:7,(anonymous_1)
FN:11,(anonymous_2)
FN:15,(anonymous_3)
FN:19,(anonymous_4)
FN:22,(anonymous_5)
FN:23,(anonymous_6)
FN:26,(anonymous_7)
FN:37,(anonymous_8)
FN:48,(anonymous_9)
FN:65,(anonymous_10)
FNF:11
FNH:10
FNDA:7,(anonymous_0)
FNDA:3,(anonymous_1)
FNDA:2,(anonymous_2)
FNDA:1,(anonymous_3)
FNDA:4,(anonymous_4)
FNDA:6,(anonymous_5)
FNDA:39,(anonymous_6)
FNDA:3,(anonymous_7)
FNDA:5,(anonymous_8)
FNDA:4,(anonymous_9)
FNDA:0,(anonymous_10)
DA:1,1
DA:5,7
DA:8,3
DA:12,2
DA:16,1
DA:20,4
DA:23,39
DA:27,3
DA:28,1
DA:30,3
DA:31,3
DA:32,3
DA:33,3
DA:34,3
DA:38,5
DA:39,1
DA:41,5
DA:42,5
DA:43,5
DA:44,5
DA:45,5
DA:49,4
DA:50,4
DA:53,4
DA:54,10
DA:55,2
DA:56,8
DA:57,4
DA:58,4
DA:59,4
DA:62,4
DA:67,0
DA:68,0
DA:69,0
DA:70,0
DA:71,0
DA:72,0
DA:73,0
DA:74,0
DA:82,1
DA:83,1
DA:84,1
LF:42
LH:34
BRDA:27,0,0,1
BRDA:27,0,1,2
BRDA:38,1,0,1
BRDA:38,1,1,4
BRDA:49,2,0,4
BRDA:49,2,1,0
BRDA:54,3,0,2
BRDA:54,3,1,8
BRDA:56,4,0,4
BRDA:56,4,1,4
BRDA:58,5,0,4
BRDA:58,5,1,0
BRDA:73,6,0,0
BRDA:73,6,1,0
BRF:14
BRH:10
end_of_record
TN:
SF:/Users/david.heisel/Documents/Code/AdventOfCode/Day3/wireTracker.js
FN:3,(anonymous_0)
FN:5,(anonymous_1)
FN:9,(anonymous_2)
FNF:3
FNH:3
FNDA:2,(anonymous_0)
FNDA:4,(anonymous_1)
FNDA:3,(anonymous_2)
DA:1,1
DA:3,1
DA:4,2
DA:5,4
DA:6,2
DA:9,1
DA:10,3
DA:11,3
DA:12,3
DA:14,23
DA:19,1
DA:20,1
DA:21,2
DA:24,1
LF:14
LH:14
BRF:0
BRH:0
end_of_record
